2025-06-18 02:06:41,923 - ERROR - error - Error starting Firebase stream listener: process_firebase_events() missing 1 required positional argument: 'firebase_db_instance'
Traceback (most recent call last):
  File "C:\Users\Dhanush\FASTAPI\app\main.py", line 510, in startup_event
    asyncio.create_task(process_firebase_events())
                        ~~~~~~~~~~~~~~~~~~~~~~~^^
TypeError: process_firebase_events() missing 1 required positional argument: 'firebase_db_instance'
2025-06-18 02:06:41,923 - ERROR - error - Error during application startup: redis_publisher_task() missing 1 required positional argument: 'redis_client'
Traceback (most recent call last):
  File "C:\Users\Dhanush\FASTAPI\app\main.py", line 521, in startup_event
    asyncio.create_task(redis_publisher_task())
                        ~~~~~~~~~~~~~~~~~~~~^^
TypeError: redis_publisher_task() missing 1 required positional argument: 'redis_client'
2025-06-18 02:07:53,460 - ERROR - error - Error starting Firebase stream listener: process_firebase_events() missing 1 required positional argument: 'firebase_db_instance'
Traceback (most recent call last):
  File "C:\Users\Dhanush\FASTAPI\app\main.py", line 510, in startup_event
    asyncio.create_task(process_firebase_events())
                        ~~~~~~~~~~~~~~~~~~~~~~~^^
TypeError: process_firebase_events() missing 1 required positional argument: 'firebase_db_instance'
2025-06-18 02:07:53,461 - ERROR - error - Error during application startup: redis_publisher_task() missing 1 required positional argument: 'redis_client'
Traceback (most recent call last):
  File "C:\Users\Dhanush\FASTAPI\app\main.py", line 521, in startup_event
    asyncio.create_task(redis_publisher_task())
                        ~~~~~~~~~~~~~~~~~~~~^^
TypeError: redis_publisher_task() missing 1 required positional argument: 'redis_client'
2025-06-18 02:08:07,263 - ERROR - error - Error starting Firebase stream listener: process_firebase_events() missing 1 required positional argument: 'firebase_db_instance'
Traceback (most recent call last):
  File "C:\Users\Dhanush\FASTAPI\app\main.py", line 510, in startup_event
    asyncio.create_task(process_firebase_events())
                        ~~~~~~~~~~~~~~~~~~~~~~~^^
TypeError: process_firebase_events() missing 1 required positional argument: 'firebase_db_instance'
2025-06-18 02:08:07,264 - ERROR - error - Error during application startup: redis_publisher_task() missing 1 required positional argument: 'redis_client'
Traceback (most recent call last):
  File "C:\Users\Dhanush\FASTAPI\app\main.py", line 521, in startup_event
    asyncio.create_task(redis_publisher_task())
                        ~~~~~~~~~~~~~~~~~~~~^^
TypeError: redis_publisher_task() missing 1 required positional argument: 'redis_client'
2025-06-18 02:08:29,795 - ERROR - error - Error starting Firebase stream listener: process_firebase_events() missing 1 required positional argument: 'firebase_db_instance'
Traceback (most recent call last):
  File "C:\Users\Dhanush\FASTAPI\app\main.py", line 510, in startup_event
    asyncio.create_task(process_firebase_events())
                        ~~~~~~~~~~~~~~~~~~~~~~~^^
TypeError: process_firebase_events() missing 1 required positional argument: 'firebase_db_instance'
2025-06-18 02:08:29,802 - ERROR - error - Error during application startup: create_service_account_token() missing 1 required positional argument: 'service_name'
Traceback (most recent call last):
  File "C:\Users\Dhanush\FASTAPI\app\main.py", line 565, in startup_event
    token = await create_service_account_token()
                  ~~~~~~~~~~~~~~~~~~~~~~~~~~~~^^
TypeError: create_service_account_token() missing 1 required positional argument: 'service_name'
2025-06-18 02:08:43,462 - ERROR - error - Error starting Firebase stream listener: process_firebase_events() missing 1 required positional argument: 'firebase_db_instance'
Traceback (most recent call last):
  File "C:\Users\Dhanush\FASTAPI\app\main.py", line 510, in startup_event
    asyncio.create_task(process_firebase_events())
                        ~~~~~~~~~~~~~~~~~~~~~~~^^
TypeError: process_firebase_events() missing 1 required positional argument: 'firebase_db_instance'
2025-06-18 02:08:43,471 - ERROR - error - Error during application startup: create_service_account_token() missing 1 required positional argument: 'service_name'
Traceback (most recent call last):
  File "C:\Users\Dhanush\FASTAPI\app\main.py", line 565, in startup_event
    token = await create_service_account_token()
                  ~~~~~~~~~~~~~~~~~~~~~~~~~~~~^^
TypeError: create_service_account_token() missing 1 required positional argument: 'service_name'
2025-06-18 02:08:52,692 - ERROR - error - Error starting Firebase stream listener: process_firebase_events() missing 1 required positional argument: 'firebase_db_instance'
Traceback (most recent call last):
  File "C:\Users\Dhanush\FASTAPI\app\main.py", line 510, in startup_event
    asyncio.create_task(process_firebase_events())
                        ~~~~~~~~~~~~~~~~~~~~~~~^^
TypeError: process_firebase_events() missing 1 required positional argument: 'firebase_db_instance'
2025-06-18 02:08:52,705 - ERROR - error - Error during application startup: create_service_account_token() missing 1 required positional argument: 'service_name'
Traceback (most recent call last):
  File "C:\Users\Dhanush\FASTAPI\app\main.py", line 565, in startup_event
    token = await create_service_account_token()
                  ~~~~~~~~~~~~~~~~~~~~~~~~~~~~^^
TypeError: create_service_account_token() missing 1 required positional argument: 'service_name'
2025-06-18 02:09:03,360 - ERROR - error - Error starting Firebase stream listener: process_firebase_events() missing 1 required positional argument: 'firebase_db_instance'
Traceback (most recent call last):
  File "C:\Users\Dhanush\FASTAPI\app\main.py", line 510, in startup_event
    asyncio.create_task(process_firebase_events())
                        ~~~~~~~~~~~~~~~~~~~~~~~^^
TypeError: process_firebase_events() missing 1 required positional argument: 'firebase_db_instance'
2025-06-18 02:09:03,370 - ERROR - error - Error during application startup: create_service_account_token() missing 1 required positional argument: 'service_name'
Traceback (most recent call last):
  File "C:\Users\Dhanush\FASTAPI\app\main.py", line 565, in startup_event
    token = await create_service_account_token()
                  ~~~~~~~~~~~~~~~~~~~~~~~~~~~~^^
TypeError: create_service_account_token() missing 1 required positional argument: 'service_name'
2025-06-18 02:09:10,896 - ERROR - error - Error starting Firebase stream listener: process_firebase_events() missing 1 required positional argument: 'firebase_db_instance'
Traceback (most recent call last):
  File "C:\Users\Dhanush\FASTAPI\app\main.py", line 510, in startup_event
    asyncio.create_task(process_firebase_events())
                        ~~~~~~~~~~~~~~~~~~~~~~~^^
TypeError: process_firebase_events() missing 1 required positional argument: 'firebase_db_instance'
2025-06-18 02:09:10,915 - ERROR - error - Error during application startup: create_service_account_token() missing 1 required positional argument: 'service_name'
Traceback (most recent call last):
  File "C:\Users\Dhanush\FASTAPI\app\main.py", line 565, in startup_event
    token = await create_service_account_token()
                  ~~~~~~~~~~~~~~~~~~~~~~~~~~~~^^
TypeError: create_service_account_token() missing 1 required positional argument: 'service_name'
2025-06-18 02:10:16,295 - ERROR - error - Error starting Firebase stream listener: process_firebase_events() missing 1 required positional argument: 'firebase_db_instance'
Traceback (most recent call last):
  File "C:\Users\Dhanush\FASTAPI\app\main.py", line 510, in startup_event
    asyncio.create_task(process_firebase_events())
                        ~~~~~~~~~~~~~~~~~~~~~~~^^
TypeError: process_firebase_events() missing 1 required positional argument: 'firebase_db_instance'
2025-06-18 02:10:16,298 - ERROR - error - Error starting Firebase stream listener: process_firebase_events() missing 1 required positional argument: 'firebase_db_instance'
Traceback (most recent call last):
  File "C:\Users\Dhanush\FASTAPI\app\main.py", line 510, in startup_event
    asyncio.create_task(process_firebase_events())
                        ~~~~~~~~~~~~~~~~~~~~~~~^^
TypeError: process_firebase_events() missing 1 required positional argument: 'firebase_db_instance'
2025-06-18 02:10:16,305 - ERROR - error - Error during application startup: create_service_account_token() missing 1 required positional argument: 'service_name'
Traceback (most recent call last):
  File "C:\Users\Dhanush\FASTAPI\app\main.py", line 565, in startup_event
    token = await create_service_account_token()
                  ~~~~~~~~~~~~~~~~~~~~~~~~~~~~^^
TypeError: create_service_account_token() missing 1 required positional argument: 'service_name'
2025-06-18 02:10:16,308 - ERROR - error - Error during application startup: create_service_account_token() missing 1 required positional argument: 'service_name'
Traceback (most recent call last):
  File "C:\Users\Dhanush\FASTAPI\app\main.py", line 565, in startup_event
    token = await create_service_account_token()
                  ~~~~~~~~~~~~~~~~~~~~~~~~~~~~^^
TypeError: create_service_account_token() missing 1 required positional argument: 'service_name'
